Determining if the pthread_create exist failed with the following output:
Change Dir: /home/lrp39/ros_ws/build/CMakeFiles/CMakeTmp

Run Build Command:/usr/bin/make "cmTryCompileExec949278640/fast"
/usr/bin/make -f CMakeFiles/cmTryCompileExec949278640.dir/build.make CMakeFiles/cmTryCompileExec949278640.dir/build
make[1]: Entering directory `/home/lrp39/ros_ws/build/CMakeFiles/CMakeTmp'
/usr/bin/cmake -E cmake_progress_report /home/lrp39/ros_ws/build/CMakeFiles/CMakeTmp/CMakeFiles 1
Building C object CMakeFiles/cmTryCompileExec949278640.dir/CheckSymbolExists.c.o
/usr/bin/cc    -o CMakeFiles/cmTryCompileExec949278640.dir/CheckSymbolExists.c.o   -c /home/lrp39/ros_ws/build/CMakeFiles/CMakeTmp/CheckSymbolExists.c
Linking C executable cmTryCompileExec949278640
/usr/bin/cmake -E cmake_link_script CMakeFiles/cmTryCompileExec949278640.dir/link.txt --verbose=1
/usr/bin/cc       CMakeFiles/cmTryCompileExec949278640.dir/CheckSymbolExists.c.o  -o cmTryCompileExec949278640 -rdynamic 
CMakeFiles/cmTryCompileExec949278640.dir/CheckSymbolExists.c.o: In function `main':
CheckSymbolExists.c:(.text+0x16): undefined reference to `pthread_create'
collect2: error: ld returned 1 exit status
make[1]: Leaving directory `/home/lrp39/ros_ws/build/CMakeFiles/CMakeTmp'
make[1]: *** [cmTryCompileExec949278640] Error 1
make: *** [cmTryCompileExec949278640/fast] Error 2

File /home/lrp39/ros_ws/build/CMakeFiles/CMakeTmp/CheckSymbolExists.c:
/* */
#include <pthread.h>

int main(int argc, char** argv)
{
  (void)argv;
#ifndef pthread_create
  return ((int*)(&pthread_create))[argc];
#else
  (void)argc;
  return 0;
#endif
}

Determining if the function pthread_create exists in the pthreads failed with the following output:
Change Dir: /home/lrp39/ros_ws/build/CMakeFiles/CMakeTmp

Run Build Command:/usr/bin/make "cmTryCompileExec3019281657/fast"
/usr/bin/make -f CMakeFiles/cmTryCompileExec3019281657.dir/build.make CMakeFiles/cmTryCompileExec3019281657.dir/build
make[1]: Entering directory `/home/lrp39/ros_ws/build/CMakeFiles/CMakeTmp'
/usr/bin/cmake -E cmake_progress_report /home/lrp39/ros_ws/build/CMakeFiles/CMakeTmp/CMakeFiles 1
Building C object CMakeFiles/cmTryCompileExec3019281657.dir/CheckFunctionExists.c.o
/usr/bin/cc   -DCHECK_FUNCTION_EXISTS=pthread_create   -o CMakeFiles/cmTryCompileExec3019281657.dir/CheckFunctionExists.c.o   -c /usr/share/cmake-2.8/Modules/CheckFunctionExists.c
Linking C executable cmTryCompileExec3019281657
/usr/bin/cmake -E cmake_link_script CMakeFiles/cmTryCompileExec3019281657.dir/link.txt --verbose=1
/usr/bin/cc   -DCHECK_FUNCTION_EXISTS=pthread_create    CMakeFiles/cmTryCompileExec3019281657.dir/CheckFunctionExists.c.o  -o cmTryCompileExec3019281657 -rdynamic -lpthreads 
/usr/bin/ld: cannot find -lpthreads
collect2: error: ld returned 1 exit status
make[1]: *** [cmTryCompileExec3019281657] Error 1
make[1]: Leaving directory `/home/lrp39/ros_ws/build/CMakeFiles/CMakeTmp'
make: *** [cmTryCompileExec3019281657/fast] Error 2


Determining if the Q_WS_WIN exist failed with the following output:
Change Dir: /home/lrp39/ros_ws/build/CMakeFiles/CMakeTmp

Run Build Command:/usr/bin/make "cmTryCompileExec4009031181/fast"
/usr/bin/make -f CMakeFiles/cmTryCompileExec4009031181.dir/build.make CMakeFiles/cmTryCompileExec4009031181.dir/build
make[1]: Entering directory `/home/lrp39/ros_ws/build/CMakeFiles/CMakeTmp'
/usr/bin/cmake -E cmake_progress_report /home/lrp39/ros_ws/build/CMakeFiles/CMakeTmp/CMakeFiles 1
Building CXX object CMakeFiles/cmTryCompileExec4009031181.dir/CheckSymbolExists.cxx.o
/usr/bin/c++    -I/usr/include/qt4    -o CMakeFiles/cmTryCompileExec4009031181.dir/CheckSymbolExists.cxx.o -c /home/lrp39/ros_ws/build/CMakeFiles/CMakeTmp/CheckSymbolExists.cxx
/home/lrp39/ros_ws/build/CMakeFiles/CMakeTmp/CheckSymbolExists.cxx: In function ‘int main(int, char**)’:
/home/lrp39/ros_ws/build/CMakeFiles/CMakeTmp/CheckSymbolExists.cxx:8:19: error: ‘Q_WS_WIN’ was not declared in this scope
   return ((int*)(&Q_WS_WIN))[argc];
                   ^
make[1]: *** [CMakeFiles/cmTryCompileExec4009031181.dir/CheckSymbolExists.cxx.o] Error 1
make[1]: Leaving directory `/home/lrp39/ros_ws/build/CMakeFiles/CMakeTmp'
make: *** [cmTryCompileExec4009031181/fast] Error 2

File /home/lrp39/ros_ws/build/CMakeFiles/CMakeTmp/CheckSymbolExists.cxx:
/* */
#include <QtCore/qglobal.h>

int main(int argc, char** argv)
{
  (void)argv;
#ifndef Q_WS_WIN
  return ((int*)(&Q_WS_WIN))[argc];
#else
  (void)argc;
  return 0;
#endif
}

Determining if the Q_WS_QWS exist failed with the following output:
Change Dir: /home/lrp39/ros_ws/build/CMakeFiles/CMakeTmp

Run Build Command:/usr/bin/make "cmTryCompileExec3394791353/fast"
/usr/bin/make -f CMakeFiles/cmTryCompileExec3394791353.dir/build.make CMakeFiles/cmTryCompileExec3394791353.dir/build
make[1]: Entering directory `/home/lrp39/ros_ws/build/CMakeFiles/CMakeTmp'
/usr/bin/cmake -E cmake_progress_report /home/lrp39/ros_ws/build/CMakeFiles/CMakeTmp/CMakeFiles 1
Building CXX object CMakeFiles/cmTryCompileExec3394791353.dir/CheckSymbolExists.cxx.o
/usr/bin/c++    -I/usr/include/qt4    -o CMakeFiles/cmTryCompileExec3394791353.dir/CheckSymbolExists.cxx.o -c /home/lrp39/ros_ws/build/CMakeFiles/CMakeTmp/CheckSymbolExists.cxx
/home/lrp39/ros_ws/build/CMakeFiles/CMakeTmp/CheckSymbolExists.cxx: In function ‘int main(int, char**)’:
/home/lrp39/ros_ws/build/CMakeFiles/CMakeTmp/CheckSymbolExists.cxx:8:19: error: ‘Q_WS_QWS’ was not declared in this scope
   return ((int*)(&Q_WS_QWS))[argc];
                   ^
make[1]: Leaving directory `/home/lrp39/ros_ws/build/CMakeFiles/CMakeTmp'
make[1]: *** [CMakeFiles/cmTryCompileExec3394791353.dir/CheckSymbolExists.cxx.o] Error 1
make: *** [cmTryCompileExec3394791353/fast] Error 2

File /home/lrp39/ros_ws/build/CMakeFiles/CMakeTmp/CheckSymbolExists.cxx:
/* */
#include <QtCore/qglobal.h>

int main(int argc, char** argv)
{
  (void)argv;
#ifndef Q_WS_QWS
  return ((int*)(&Q_WS_QWS))[argc];
#else
  (void)argc;
  return 0;
#endif
}

Determining if the Q_WS_MAC exist failed with the following output:
Change Dir: /home/lrp39/ros_ws/build/CMakeFiles/CMakeTmp

Run Build Command:/usr/bin/make "cmTryCompileExec4179771885/fast"
/usr/bin/make -f CMakeFiles/cmTryCompileExec4179771885.dir/build.make CMakeFiles/cmTryCompileExec4179771885.dir/build
make[1]: Entering directory `/home/lrp39/ros_ws/build/CMakeFiles/CMakeTmp'
/usr/bin/cmake -E cmake_progress_report /home/lrp39/ros_ws/build/CMakeFiles/CMakeTmp/CMakeFiles 1
Building CXX object CMakeFiles/cmTryCompileExec4179771885.dir/CheckSymbolExists.cxx.o
/usr/bin/c++    -I/usr/include/qt4    -o CMakeFiles/cmTryCompileExec4179771885.dir/CheckSymbolExists.cxx.o -c /home/lrp39/ros_ws/build/CMakeFiles/CMakeTmp/CheckSymbolExists.cxx
/home/lrp39/ros_ws/build/CMakeFiles/CMakeTmp/CheckSymbolExists.cxx: In function ‘int main(int, char**)’:
/home/lrp39/ros_ws/build/CMakeFiles/CMakeTmp/CheckSymbolExists.cxx:8:19: error: ‘Q_WS_MAC’ was not declared in this scope
   return ((int*)(&Q_WS_MAC))[argc];
                   ^
make[1]: Leaving directory `/home/lrp39/ros_ws/build/CMakeFiles/CMakeTmp'
make[1]: *** [CMakeFiles/cmTryCompileExec4179771885.dir/CheckSymbolExists.cxx.o] Error 1
make: *** [cmTryCompileExec4179771885/fast] Error 2

File /home/lrp39/ros_ws/build/CMakeFiles/CMakeTmp/CheckSymbolExists.cxx:
/* */
#include <QtCore/qglobal.h>

int main(int argc, char** argv)
{
  (void)argv;
#ifndef Q_WS_MAC
  return ((int*)(&Q_WS_MAC))[argc];
#else
  (void)argc;
  return 0;
#endif
}

